1454307391161	77e3c9e1811d4fb291d0d9bbd456bb4b	79976	11496
1454315971161	f92ecf8e076d44b89f2d070fb1df7197	95291	89092
1454304331161	3de7d6514f1d4ac790c630fa63d8d0be	57029	50228
1454303131161	dd382d2a20464a74bbb7414e429ae452	20428	93467
1454319991161	bb2956150d6741df875fbcca76ae9e7c	51994	57706
1454302711161	225424dd7dd44d12b4190d1549540bf3	3448	56119
1454316091161	d368d95c643f4943ba1f5ea97b5a9a91	98230	96925
1454318011161	698d06878c7a45ccb5814020b716c424	43048	88623
1454329411161	6e535645436f4926be1ee6e823dfd9d2	11019	44826
1454324851161	77a3f2988c254fd495418bfc2804fd71	6725	2134
1454304931161	bad04a78f2f14b56993004abf93c2ca7	29801	19464
1454334031161	6cee4b541d504f7db976c9c8ba7bda5a	11514	36535
1454332171161	3a8dec60c76d4b999c71fb023ee0af4b	66439	15241
1454304211161	efde893d9c254e549f740d9613b3421c	44405	19034
1454305891161	02add2657e0c41dc81924c6e6ff66c97	64186	72889
1454333851161	e8741e9141cc4fe89d5419cccc2abe9e	35717	68158
1454309551161	e8741e9141cc4fe89d5419cccc2abe9e	33724	36939
1454302651161	4cfa0bf217fc442ebf810a6c6c972a42	32541	69375
1454331391161	9854e9e3170544308f6df7df51032613	70501	14353
1454305891161	c596bbe61d3b40c4a52d7375a1f8c203	8399	82639
1454328271161	e091a173d2f3489ba8228dd5b404c612	38581	50066
1454315851161	2e46d54b9a634c93ae2b0e9d35c44a03	7858	95165
1454311291161	cc7cd2af89014526a05fc1c0f60a33d0	65896	84819
1454303071161	cb8f1c2e1e5f4678b7aee562243803f5	87868	99475
1454321071161	7b51df0d274846e6b88fd1fc27fa9bd6	61503	96625
1454334091161	ad7ba7c2bf164c309e3f5d28b18357ab	57992	14610
1454308471161	81c7a51e294d492281a4df9fff624401	50077	89379
1454323291161	cc7cd2af89014526a05fc1c0f60a33d0	76977	69110
1454307631161	89bd75e18d384ead895e06bd1fdd5f0b	49767	58266
1454329591161	77e3c9e1811d4fb291d0d9bbd456bb4b	91988	245
1454312311161	b0f2c54eff0b47aaa7a3cd515363b026	94595	21825
1454327671161	f92ecf8e076d44b89f2d070fb1df7197	67602	85665
1454311891161	f0cc7fbdadda48ebb6b274d062648cfd	5561	39551
1454321071161	cc960979e133463faf32330c5c744cd8	37515	73955
1454335351161	bf87a1fa23954635a70fb5fcbda2387e	20309	21105
1454318131161	f0cc7fbdadda48ebb6b274d062648cfd	96451	8896
1454318971161	6f13e403b89d40b0b58dd7344f7e3e71	88322	50899
1454328031161	99ece47a56e449939075208d9509d3db	95136	99413
1454319871161	976c91bca6394873bf17c9c788523585	12687	54646
1454318611161	39877e73923944cd8f8c0d35b292aa25	83017	71452
1454319211161	ab2b8a0f358e4107bd5d7f42e951cbd0	50958	37704
1454328031161	92f78b79738948bea0d27178bbcc5f3a	94280	14663
1454335411161	4c8367adc030467ba09680d84d8c6298	33839	15857
1454321431161	e814adc4cee84d1d977d0ac6f1707521	73801	27905
1454312071161	079f75cc1c434c1592ba01ab58396e04	84201	29649
1454313331161	72346f183ac44ca1a1873b97ac722b96	19288	178
1454322571161	ab2b8a0f358e4107bd5d7f42e951cbd0	42865	76421
1454334271161	cc7cd2af89014526a05fc1c0f60a33d0	74630	43321
1454302891161	2a8d03409a7f4542aa2ab03ef230dfdd	19905	35009
1454322211161	b865a4ddc56c46a582fce5405d8d18eb	46725	26673
1454332531161	5aef241d89ac4b6b87be5b711784d74a	35954	24373
1454321971161	94055312e11c464d8bb16f21e4d607c6	96775	19662
1454313631161	77a3f2988c254fd495418bfc2804fd71	20033	14026
1454322091161	9a16ac77fa234932b42ce4e2a3e41b99	51330	89023
1454323051161	e59c0bdb4c754c00ad02936820d2cff1	32589	82980
1454309071161	2e46d54b9a634c93ae2b0e9d35c44a03	82638	17867
1454328031161	c2a24d73d77d4984a1d88ea3330aa4c5	47766	45151
1454314831161	ef7a6719a7e74aeebc85dc0f55f90d00	29028	65206
1454307151161	570472ebd8e04787a565dd4f7a793f10	39104	52435
1454323771161	537ec845bb4b405d9bf13975e4408b41	20064	11931
1454331571161	84da30d2697042ca9a6835f6ccec6024	72941	41809
1454327311161	81e3763e213745c1b6d2e432d3f86d6f	41856	73616
1454307271161	d91952b877ff4f99b008798c32341022	74118	58373
1454335411161	882d3a7e36964d628f64e46ef2d9599c	54755	62087
1454307511161	e6164ce7a908476a94502303328b26e8	95347	13684
1454335411161	659cef990a944285a2ff00837f8cb191	16555	35273
1454316691161	92f78b79738948bea0d27178bbcc5f3a	69181	11165
1454324191161	c2a24d73d77d4984a1d88ea3330aa4c5	91898	99707
1454329171161	ab2b8a0f358e4107bd5d7f42e951cbd0	34642	33626
1454320051161	e17d1609000449898b4195d89f814363	14584	85018
1454314711161	39877e73923944cd8f8c0d35b292aa25	96129	16285
1454333371161	9d2aaa30c4b047e58148844e0b27c7d5	94315	18240
1454317351161	3f2758a7b73945f98bf4c64f86c6d742	75769	47893
1454320891161	0829a3b98d364df49dfecc40a2c4f65c	16316	8990
1454321011161	bb2956150d6741df875fbcca76ae9e7c	94542	96008
1454325451161	94055312e11c464d8bb16f21e4d607c6	64760	90178
1454334931161	e091a173d2f3489ba8228dd5b404c612	62324	32664
1454335591161	94055312e11c464d8bb16f21e4d607c6	89676	36432
1454318311161	ef7a6719a7e74aeebc85dc0f55f90d00	96417	42912
1454309491161	e6164ce7a908476a94502303328b26e8	97992	27946
1454330971161	cb8f1c2e1e5f4678b7aee562243803f5	50351	25398
1454317531161	ef7a6719a7e74aeebc85dc0f55f90d00	13341	99274
1454320411161	537ec845bb4b405d9bf13975e4408b41	59479	19848
1454335831161	cc960979e133463faf32330c5c744cd8	26398	99588
1454310751161	866f4bdee8af4484accb55158f6cb55b	73206	75809
1454303611161	54d1b25c9c0e4ad78de0cdeefec11617	52130	76551
1454305771161	976c91bca6394873bf17c9c788523585	31723	17731
1454302291161	d91952b877ff4f99b008798c32341022	4864	28154
1454309731161	882d3a7e36964d628f64e46ef2d9599c	55414	21451
1454328931161	e814adc4cee84d1d977d0ac6f1707521	10992	86465
1454306971161	2e46d54b9a634c93ae2b0e9d35c44a03	67739	96817
1454312011161	0829a3b98d364df49dfecc40a2c4f65c	51440	58294
1454314471161	2a8d03409a7f4542aa2ab03ef230dfdd	53532	5319
1454300251161	94055312e11c464d8bb16f21e4d607c6	54205	79314
1454306731161	4c8367adc030467ba09680d84d8c6298	77570	31959
1454321731161	9a16ac77fa234932b42ce4e2a3e41b99	64021	28100
1454309551161	dd1e232b04f349bf9cdc314c037b5edc	81749	65928
1454325091161	84da30d2697042ca9a6835f6ccec6024	96379	1333
1454335651161	efde893d9c254e549f740d9613b3421c	54142	41879
1454315131161	5ccdb29fba084f95b1fdb43fae4169b1	71410	20556
1454333791161	efde893d9c254e549f740d9613b3421c	78540	79231
1454321311161	1cca6591b6aa4033a190154db54a8087	75488	30149
1454307391161	7b51df0d274846e6b88fd1fc27fa9bd6	65355	84915
1454301331161	39877e73923944cd8f8c0d35b292aa25	97165	76378
1454319571161	6f13e403b89d40b0b58dd7344f7e3e71	50414	51713
1454309611161	6cee4b541d504f7db976c9c8ba7bda5a	34305	6301
1454307271161	882d3a7e36964d628f64e46ef2d9599c	20709	22990
1454334931161	f92ecf8e076d44b89f2d070fb1df7197	16296	98873
1454328211161	2a8d03409a7f4542aa2ab03ef230dfdd	81447	56894
1454332591161	e6164ce7a908476a94502303328b26e8	37137	34165
1454320951161	1cca6591b6aa4033a190154db54a8087	52969	30890
1454319451161	5ccdb29fba084f95b1fdb43fae4169b1	16234	41714
1454332891161	02add2657e0c41dc81924c6e6ff66c97	61317	38185
1454311111161	72346f183ac44ca1a1873b97ac722b96	33477	5994
1454321971161	87b7d3b3ccf544a2aaa75e02bbcbe551	48308	96330
1454325451161	e17d1609000449898b4195d89f814363	25462	68465
1454319091161	537ec845bb4b405d9bf13975e4408b41	62355	79446
1454326171161	f39cec387d314cc89497275f85f8d4bb	6451	49749
1454303611161	079f75cc1c434c1592ba01ab58396e04	43745	85680
1454325571161	87b7d3b3ccf544a2aaa75e02bbcbe551	66834	16544
1454315671161	cc960979e133463faf32330c5c744cd8	34367	89750
1454305711161	8f085d4e2d7842208d9022bfc579504d	43149	35890
1454302231161	bf87a1fa23954635a70fb5fcbda2387e	1742	43167
1454311051161	6f13e403b89d40b0b58dd7344f7e3e71	59041	47241
1454322991161	882d3a7e36964d628f64e46ef2d9599c	17236	45564
1454327131161	77e3c9e1811d4fb291d0d9bbd456bb4b	53737	13306
1454312131161	9f0c7099ba9342468b963794595a159a	67863	98104
1454304511161	87b7d3b3ccf544a2aaa75e02bbcbe551	43047	68887
1454322331161	e6164ce7a908476a94502303328b26e8	90687	29594
1454335111161	f92ecf8e076d44b89f2d070fb1df7197	22012	45704
1454315491161	2a8d03409a7f4542aa2ab03ef230dfdd	63192	40736
1454314951161	28db8326800548a295f79516e2e35f44	2571	62260
1454317051161	89bd75e18d384ead895e06bd1fdd5f0b	39533	16740
1454301751161	f0cc7fbdadda48ebb6b274d062648cfd	68697	74935
1454310811161	b0f2c54eff0b47aaa7a3cd515363b026	13966	1304
1454335711161	6cee4b541d504f7db976c9c8ba7bda5a	13583	82443
1454314771161	698d06878c7a45ccb5814020b716c424	79242	73771
1454311531161	3a8dec60c76d4b999c71fb023ee0af4b	70230	64641
1454329291161	af1862cf194a4e289a17c4650228378c	75445	16515
1454312431161	cb8f1c2e1e5f4678b7aee562243803f5	99161	42630
1454330851161	78b9683e8b2643f19f2cd87ef602ac0d	39971	61217
1454324071161	e6164ce7a908476a94502303328b26e8	8966	52289
1454300311161	c2a24d73d77d4984a1d88ea3330aa4c5	25130	61730
1454327731161	0ca5d174fb344e83882de67eb956cc37	66477	95921
1454335951161	af1862cf194a4e289a17c4650228378c	56100	31451
1454334151161	5f1054617e554b4495a5969ee2a7eba4	66431	24912
1454306011161	478d4f829e6448478be29d1443953ae6	11594	38394
1454308531161	02add2657e0c41dc81924c6e6ff66c97	76783	97012
1454320471161	7b51df0d274846e6b88fd1fc27fa9bd6	22617	35017
1454318191161	8f085d4e2d7842208d9022bfc579504d	62900	51979
1454322751161	760bdb7f69da425a90a3d0c12c7e5273	90320	38732
1454302411161	3de7d6514f1d4ac790c630fa63d8d0be	34309	14236
1454310271161	f92ecf8e076d44b89f2d070fb1df7197	96528	56575
1454328871161	54d1b25c9c0e4ad78de0cdeefec11617	18779	36298
1454310691161	c2a24d73d77d4984a1d88ea3330aa4c5	91002	19066
1454302111161	c2a24d73d77d4984a1d88ea3330aa4c5	21329	35793
1454300551161	81e3763e213745c1b6d2e432d3f86d6f	13748	65135
1454312971161	d610a227186e41909c636a39ed6c2a66	24391	72681
1454328331161	f0cc7fbdadda48ebb6b274d062648cfd	38564	11016
1454303731161	e9bf0a29db06433aa5692e47d7734857	87034	33408
1454320471161	bad04a78f2f14b56993004abf93c2ca7	39602	9067
1454331391161	478d4f829e6448478be29d1443953ae6	39245	82498
1454320471161	e17d1609000449898b4195d89f814363	34314	76439
1454306311161	976c91bca6394873bf17c9c788523585	10212	77874
1454334631161	659cef990a944285a2ff00837f8cb191	30615	16998
1454317351161	079f75cc1c434c1592ba01ab58396e04	65571	57551
1454304391161	92f78b79738948bea0d27178bbcc5f3a	24841	46411
1454317471161	e6164ce7a908476a94502303328b26e8	38034	39218
1454315011161	9f0c7099ba9342468b963794595a159a	51183	22163
1454325631161	54d1b25c9c0e4ad78de0cdeefec11617	44539	54060
1454335651161	079f75cc1c434c1592ba01ab58396e04	3101	39077
1454305051161	2a8d03409a7f4542aa2ab03ef230dfdd	91722	16586
1454315491161	0ca5d174fb344e83882de67eb956cc37	1127	69764
1454334991161	478d4f829e6448478be29d1443953ae6	56140	15763
1454335591161	9d2aaa30c4b047e58148844e0b27c7d5	87875	38505
1454318431161	fe5ff1a6daae47ba8bb35a444c8ea925	85072	21445
1454312851161	e9bf0a29db06433aa5692e47d7734857	68459	61067
1454331511161	9d2aaa30c4b047e58148844e0b27c7d5	16712	37693
1454323351161	055c3098492a41eeb872ba07590494c3	7480	7672
1454318251161	866f4bdee8af4484accb55158f6cb55b	6696	73998
1454310991161	ef7a6719a7e74aeebc85dc0f55f90d00	7079	88443
1454329591161	ab2b8a0f358e4107bd5d7f42e951cbd0	29638	91462
1454333911161	194f84abdc8641ab8ffac41c93b63ead	65048	2934
1454334751161	fe5ff1a6daae47ba8bb35a444c8ea925	48120	7150
1454313271161	efde893d9c254e549f740d9613b3421c	11913	4071
1454321011161	0ca5d174fb344e83882de67eb956cc37	74072	54728
1454303911161	89bd75e18d384ead895e06bd1fdd5f0b	49311	96132
1454301091161	87b7d3b3ccf544a2aaa75e02bbcbe551	27011	61521
1454333971161	9854e9e3170544308f6df7df51032613	47484	54816
1454307151161	6f13e403b89d40b0b58dd7344f7e3e71	47285	32670
1454332231161	72346f183ac44ca1a1873b97ac722b96	95561	56902
1454333911161	570472ebd8e04787a565dd4f7a793f10	74798	11424
1454316931161	3a8dec60c76d4b999c71fb023ee0af4b	98990	65946
1454324071161	bf87a1fa23954635a70fb5fcbda2387e	16239	76098
1454306491161	72346f183ac44ca1a1873b97ac722b96	69844	61405
1454303131161	f36d277140854ba5bf16ad85dec6d75e	81661	77959
1454306311161	e59c0bdb4c754c00ad02936820d2cff1	72618	46119
1454307811161	39877e73923944cd8f8c0d35b292aa25	74173	27726
1454331751161	1cca6591b6aa4033a190154db54a8087	49916	25645
1454309071161	99ece47a56e449939075208d9509d3db	59030	27312
1454320291161	512aa21dd2d94df0b2e31152c6782a4c	21405	9210
1454327011161	cc960979e133463faf32330c5c744cd8	30449	53758
1454335051161	f92ecf8e076d44b89f2d070fb1df7197	78238	12919
1454304571161	e577ab36b8a34acaa8f956daf47d017a	52508	52229
1454322391161	ab2b8a0f358e4107bd5d7f42e951cbd0	54516	37924
1454332651161	87b7d3b3ccf544a2aaa75e02bbcbe551	20322	58027
1454332171161	99ece47a56e449939075208d9509d3db	92917	15774
1454324251161	d610a227186e41909c636a39ed6c2a66	45556	62129
1454331691161	225424dd7dd44d12b4190d1549540bf3	58747	32249
1454327191161	39877e73923944cd8f8c0d35b292aa25	55651	90256
1454314471161	e9bf0a29db06433aa5692e47d7734857	71935	27109
1454303191161	760bdb7f69da425a90a3d0c12c7e5273	23010	17854
1454333431161	bf87a1fa23954635a70fb5fcbda2387e	99262	22091
1454316271161	882d3a7e36964d628f64e46ef2d9599c	77736	32776
1454304511161	77a3f2988c254fd495418bfc2804fd71	60407	48271
1454316811161	055c3098492a41eeb872ba07590494c3	45772	63895
1454317411161	e17d1609000449898b4195d89f814363	23019	61677
1454330131161	1cca6591b6aa4033a190154db54a8087	58791	79469
1454335351161	cc7cd2af89014526a05fc1c0f60a33d0	85083	41565
1454331451161	146757b81a4c4b8f84681543f49dca64	80277	17670
1454334451161	225424dd7dd44d12b4190d1549540bf3	22765	65264
1454327971161	debaaacb3b944406bd6ff6c578126c40	38675	41914
1454317651161	4c8367adc030467ba09680d84d8c6298	69543	25650
1454302411161	b0f2c54eff0b47aaa7a3cd515363b026	24962	28759
1454308291161	4cfa0bf217fc442ebf810a6c6c972a42	55826	54248
1454329411161	e8741e9141cc4fe89d5419cccc2abe9e	99714	20072
1454335411161	b0dc725c308d4f209bfb92c4f5186795	63416	88849
1454327551161	bb2956150d6741df875fbcca76ae9e7c	21047	74898
1454308891161	cb8f1c2e1e5f4678b7aee562243803f5	39397	679
1454327191161	9f66ca4da3034224a140c0fc6d7bc202	42631	56467
1454331931161	87b7d3b3ccf544a2aaa75e02bbcbe551	6313	73245
1454321491161	bf87a1fa23954635a70fb5fcbda2387e	97082	31236
1454331031161	8fb51f59ace345b0bc12cdec7da31f2f	89203	35711
1454321851161	7b51df0d274846e6b88fd1fc27fa9bd6	26488	27222
1454322631161	9854e9e3170544308f6df7df51032613	99863	42647
1454320171161	4c8367adc030467ba09680d84d8c6298	41806	92534
1454326591161	cb8f1c2e1e5f4678b7aee562243803f5	97769	7684
1454311831161	bad04a78f2f14b56993004abf93c2ca7	6408	32618
1454333311161	d91952b877ff4f99b008798c32341022	48479	34786
1454331211161	225424dd7dd44d12b4190d1549540bf3	45656	2738
1454311411161	e6164ce7a908476a94502303328b26e8	60979	69351
1454308171161	cc7cd2af89014526a05fc1c0f60a33d0	10285	4394
1454309191161	e17d1609000449898b4195d89f814363	98526	18049
1454306611161	b0d9c6b7120d4f78bdfd1d2ebfc95f48	69308	37348
1454301811161	0829a3b98d364df49dfecc40a2c4f65c	41950	59162
1454311771161	055c3098492a41eeb872ba07590494c3	46427	26705
1454305111161	cb8f1c2e1e5f4678b7aee562243803f5	368	23862
1454319751161	6355cd862a15461db9f57ab03ee6ddee	99392	63734
1454312131161	94055312e11c464d8bb16f21e4d607c6	90005	74034
1454314051161	72346f183ac44ca1a1873b97ac722b96	41509	98968
1454302651161	bf87a1fa23954635a70fb5fcbda2387e	46545	4292
1454329351161	976c91bca6394873bf17c9c788523585	56999	50323
1454300611161	debaaacb3b944406bd6ff6c578126c40	23591	25855
1454320651161	efde893d9c254e549f740d9613b3421c	71554	15836
1454314771161	84da30d2697042ca9a6835f6ccec6024	44830	27789
1454327731161	debaaacb3b944406bd6ff6c578126c40	82966	40676
1454300791161	ab2b8a0f358e4107bd5d7f42e951cbd0	93342	6549
1454334511161	81e3763e213745c1b6d2e432d3f86d6f	34661	63253
1454317051161	e8741e9141cc4fe89d5419cccc2abe9e	48915	17044
1454308531161	866f4bdee8af4484accb55158f6cb55b	87250	76276
1454305471161	b865a4ddc56c46a582fce5405d8d18eb	88553	10213
1454320471161	e814adc4cee84d1d977d0ac6f1707521	31682	64031
1454328091161	570472ebd8e04787a565dd4f7a793f10	56109	87483
1454321191161	b865a4ddc56c46a582fce5405d8d18eb	9950	52911
1454319391161	7b51df0d274846e6b88fd1fc27fa9bd6	12370	11683
1454305831161	866f4bdee8af4484accb55158f6cb55b	59855	84788
1454301331161	5ccdb29fba084f95b1fdb43fae4169b1	89449	97605
1454306731161	6355cd862a15461db9f57ab03ee6ddee	92320	54525
1454318551161	7eb8169a154643d390db7aa4f2be7cd1	47143	8226
1454331031161	cc960979e133463faf32330c5c744cd8	2240	57487
1454321191161	b865a4ddc56c46a582fce5405d8d18eb	31778	60564
1454324011161	8fb51f59ace345b0bc12cdec7da31f2f	79836	80587
1454309611161	6e535645436f4926be1ee6e823dfd9d2	44372	18354
1454305651161	af1862cf194a4e289a17c4650228378c	15784	22090
1454327191161	28db8326800548a295f79516e2e35f44	18198	35435
1454330431161	0210e2d072de49198b0ac16f2a2df02f	62903	8610
1454325631161	2e46d54b9a634c93ae2b0e9d35c44a03	35206	66184
1454305111161	8fb51f59ace345b0bc12cdec7da31f2f	81054	36320
1454329411161	c2a24d73d77d4984a1d88ea3330aa4c5	1921	44108
1454331091161	537ec845bb4b405d9bf13975e4408b41	19093	40908
1454309551161	debaaacb3b944406bd6ff6c578126c40	70472	70773
1454327011161	8fb51f59ace345b0bc12cdec7da31f2f	80277	60618
1454321491161	0210e2d072de49198b0ac16f2a2df02f	17855	68410
1454303071161	6e535645436f4926be1ee6e823dfd9d2	89850	49877
1454314531161	9a16ac77fa234932b42ce4e2a3e41b99	44361	12588
1454323171161	512aa21dd2d94df0b2e31152c6782a4c	97249	31908
1454305891161	760bdb7f69da425a90a3d0c12c7e5273	73741	66167
1454326831161	b0d9c6b7120d4f78bdfd1d2ebfc95f48	9963	27143
1454319031161	976c91bca6394873bf17c9c788523585	70803	87423
1454312431161	194f84abdc8641ab8ffac41c93b63ead	53240	5001
1454301751161	bad04a78f2f14b56993004abf93c2ca7	62023	6405
1454328091161	e814adc4cee84d1d977d0ac6f1707521	99149	80141
1454327731161	92f78b79738948bea0d27178bbcc5f3a	57557	90658
1454324431161	9854e9e3170544308f6df7df51032613	34382	96945
1454309011161	87b7d3b3ccf544a2aaa75e02bbcbe551	69770	16808
1454325931161	1cca6591b6aa4033a190154db54a8087	79651	19504
1454309911161	d5bf0f8fba964270adac0971bdad38a0	85081	7910
1454313151161	84da30d2697042ca9a6835f6ccec6024	75319	77017
1454309971161	ef7a6719a7e74aeebc85dc0f55f90d00	68819	34498
1454315551161	5aef241d89ac4b6b87be5b711784d74a	98067	22651
1454302531161	e814adc4cee84d1d977d0ac6f1707521	19181	60318
1454309611161	f36d277140854ba5bf16ad85dec6d75e	85735	92027
1454302531161	760bdb7f69da425a90a3d0c12c7e5273	85150	49813
1454334751171	659cef990a944285a2ff00837f8cb191	93602	95257
1454334811171	bf87a1fa23954635a70fb5fcbda2387e	11357	16668
1454312491171	bad04a78f2f14b56993004abf93c2ca7	22580	82545
1454325691171	54d1b25c9c0e4ad78de0cdeefec11617	79046	37604
1454331811171	976c91bca6394873bf17c9c788523585	32786	54037
1454305951171	debaaacb3b944406bd6ff6c578126c40	48854	20916
1454334211171	6355cd862a15461db9f57ab03ee6ddee	3730	48597
1454335171171	99ece47a56e449939075208d9509d3db	87562	58480
1454312371171	84da30d2697042ca9a6835f6ccec6024	60106	61657
1454304211171	cc960979e133463faf32330c5c744cd8	50180	85367
1454325211171	698d06878c7a45ccb5814020b716c424	11509	49666
1454331931171	0829a3b98d364df49dfecc40a2c4f65c	17125	21086
1454300911171	dd382d2a20464a74bbb7414e429ae452	42733	64559
1454328151171	537ec845bb4b405d9bf13975e4408b41	2355	19767
1454313931171	d368d95c643f4943ba1f5ea97b5a9a91	32433	55731
1454323111171	b0f2c54eff0b47aaa7a3cd515363b026	21780	52911
1454303611171	9a16ac77fa234932b42ce4e2a3e41b99	53472	2561
1454310991171	225424dd7dd44d12b4190d1549540bf3	86929	61353
1454334751171	b865a4ddc56c46a582fce5405d8d18eb	45436	39523
1454303011171	478d4f829e6448478be29d1443953ae6	54580	21989
1454325271171	94055312e11c464d8bb16f21e4d607c6	22632	52027
1454300731171	54d1b25c9c0e4ad78de0cdeefec11617	92585	12253
1454316151171	9f0c7099ba9342468b963794595a159a	15946	23274
1454312791171	9a16ac77fa234932b42ce4e2a3e41b99	22272	95044
1454307331171	81c7a51e294d492281a4df9fff624401	34057	96935
1454303551171	b865a4ddc56c46a582fce5405d8d18eb	86857	25735
1454308591171	7eb8169a154643d390db7aa4f2be7cd1	5871	22661
1454332711171	65b97c1a0b424fe59d17ef728445f188	41814	14349
1454321191171	bad04a78f2f14b56993004abf93c2ca7	1383	60400
1454305471171	72346f183ac44ca1a1873b97ac722b96	59548	60569
1454310091171	f92ecf8e076d44b89f2d070fb1df7197	93663	15981
1454308591171	b0d9c6b7120d4f78bdfd1d2ebfc95f48	63121	88004
1454327011171	e59c0bdb4c754c00ad02936820d2cff1	37799	3871
1454331991171	f39cec387d314cc89497275f85f8d4bb	26415	44677
1454321971171	dd382d2a20464a74bbb7414e429ae452	99728	99198
1454331151171	3f2758a7b73945f98bf4c64f86c6d742	93391	37835
1454329651171	244b0793dde2467eb0e8171c7b59258d	92174	52031
1454334031171	4cfa0bf217fc442ebf810a6c6c972a42	67663	16734
1454333731171	0ca5d174fb344e83882de67eb956cc37	85878	2385
1454306131171	244b0793dde2467eb0e8171c7b59258d	83308	70371
1454335171171	225424dd7dd44d12b4190d1549540bf3	75200	52188
1454305891171	478d4f829e6448478be29d1443953ae6	20936	24919
1454326591171	2e46d54b9a634c93ae2b0e9d35c44a03	20645	17185
1454316631171	478d4f829e6448478be29d1443953ae6	74308	6001
1454315311171	7b51df0d274846e6b88fd1fc27fa9bd6	63201	59198
1454318491171	9d2aaa30c4b047e58148844e0b27c7d5	66566	60610
1454326411171	6cf03944226b41f2aa706afb35a5bd71	48018	3593
1454328091171	5aef241d89ac4b6b87be5b711784d74a	14708	30165
1454321911171	c2a24d73d77d4984a1d88ea3330aa4c5	85334	27378
1454322391171	570472ebd8e04787a565dd4f7a793f10	25079	13457
1454322211171	84da30d2697042ca9a6835f6ccec6024	31601	32899
1454323171171	2a8d03409a7f4542aa2ab03ef230dfdd	56121	68691
1454310211171	e59c0bdb4c754c00ad02936820d2cff1	26788	52929
1454306071171	02add2657e0c41dc81924c6e6ff66c97	79238	20279
1454314831171	efde893d9c254e549f740d9613b3421c	758	75049
1454335411171	2e46d54b9a634c93ae2b0e9d35c44a03	89230	45774
1454301871171	7eb8169a154643d390db7aa4f2be7cd1	19439	83253
1454333311171	81c7a51e294d492281a4df9fff624401	76801	99558
1454317711171	b5a5e9c510b148b187c3596b57dcbe42	61623	36631
1454328811171	1cca6591b6aa4033a190154db54a8087	55825	72295
1454300191171	dd1e232b04f349bf9cdc314c037b5edc	14523	87323
1454330671171	8fb51f59ace345b0bc12cdec7da31f2f	6451	34866
1454319811171	760bdb7f69da425a90a3d0c12c7e5273	61480	55526
1454321611171	537ec845bb4b405d9bf13975e4408b41	12190	91874
1454327671171	d368d95c643f4943ba1f5ea97b5a9a91	73869	81755
1454312011171	f0cc7fbdadda48ebb6b274d062648cfd	12201	62828
1454332111171	3de7d6514f1d4ac790c630fa63d8d0be	23805	89586
1454320951171	02add2657e0c41dc81924c6e6ff66c97	15665	92384
1454311291171	bf87a1fa23954635a70fb5fcbda2387e	58218	64960
1454303731171	e8741e9141cc4fe89d5419cccc2abe9e	89360	30535
1454315671171	02add2657e0c41dc81924c6e6ff66c97	18891	98132
1454326291171	5ccdb29fba084f95b1fdb43fae4169b1	80230	55941
1454314471171	b5a5e9c510b148b187c3596b57dcbe42	87222	59349
1454305291171	e9bf0a29db06433aa5692e47d7734857	62260	56310
1454327671171	9a16ac77fa234932b42ce4e2a3e41b99	47398	57095
1454327011171	194f84abdc8641ab8ffac41c93b63ead	61916	9490
1454320351171	1cca6591b6aa4033a190154db54a8087	54997	77797
1454319571171	cb8f1c2e1e5f4678b7aee562243803f5	72066	69738
1454335831171	537ec845bb4b405d9bf13975e4408b41	74402	35845
1454333311171	02add2657e0c41dc81924c6e6ff66c97	34669	72586
1454306311171	9854e9e3170544308f6df7df51032613	57901	52409
1454321071171	78b9683e8b2643f19f2cd87ef602ac0d	83974	17399
1454316151171	f39cec387d314cc89497275f85f8d4bb	49461	51050
1454334931171	f92ecf8e076d44b89f2d070fb1df7197	53654	44688
1454309791171	94055312e11c464d8bb16f21e4d607c6	3616	16317
1454329891171	8f085d4e2d7842208d9022bfc579504d	22316	70255
1454329051171	f39cec387d314cc89497275f85f8d4bb	93971	45423
1454306491171	ef7a6719a7e74aeebc85dc0f55f90d00	26677	99303
1454307211171	659cef990a944285a2ff00837f8cb191	20181	2010
1454314411171	89bd75e18d384ead895e06bd1fdd5f0b	73377	99332
1454310271171	512aa21dd2d94df0b2e31152c6782a4c	16816	23376
1454317951171	3de7d6514f1d4ac790c630fa63d8d0be	32517	71024
1454303371171	512aa21dd2d94df0b2e31152c6782a4c	8560	90652
1454333071171	c596bbe61d3b40c4a52d7375a1f8c203	86771	8170
1454302891171	94055312e11c464d8bb16f21e4d607c6	10337	62182
1454328091171	7eb8169a154643d390db7aa4f2be7cd1	99650	77326
1454329411171	882d3a7e36964d628f64e46ef2d9599c	44500	83117
1454322571171	079f75cc1c434c1592ba01ab58396e04	96620	46834
1454333851171	72346f183ac44ca1a1873b97ac722b96	98618	34124
1454319091171	ef7a6719a7e74aeebc85dc0f55f90d00	24074	50148
1454303311171	6e535645436f4926be1ee6e823dfd9d2	40903	50775
1454314951171	976c91bca6394873bf17c9c788523585	53466	8879
1454318971171	72346f183ac44ca1a1873b97ac722b96	84784	76797
1454309131171	478d4f829e6448478be29d1443953ae6	65177	1204
1454312251171	659cef990a944285a2ff00837f8cb191	10701	78597
1454315491171	b0d9c6b7120d4f78bdfd1d2ebfc95f48	19273	74099
1454306851171	debaaacb3b944406bd6ff6c578126c40	56407	99538
1454314111171	6f13e403b89d40b0b58dd7344f7e3e71	7500	95745
1454310691171	570472ebd8e04787a565dd4f7a793f10	48714	69601
1454325691171	cb8f1c2e1e5f4678b7aee562243803f5	48838	74865
1454334871171	c596bbe61d3b40c4a52d7375a1f8c203	37540	84872
1454330071171	244b0793dde2467eb0e8171c7b59258d	99966	22542
1454335591171	2a8d03409a7f4542aa2ab03ef230dfdd	89156	63158
1454322331171	39877e73923944cd8f8c0d35b292aa25	73821	88828
1454319871171	3a8dec60c76d4b999c71fb023ee0af4b	8427	20407
1454313271171	f39cec387d314cc89497275f85f8d4bb	73324	60284
1454312431171	fe5ff1a6daae47ba8bb35a444c8ea925	56925	43407
1454335711171	055c3098492a41eeb872ba07590494c3	7354	46790
1454330071171	4cfa0bf217fc442ebf810a6c6c972a42	19457	80155
1454306971171	dd1e232b04f349bf9cdc314c037b5edc	50836	97038
1454306071171	760bdb7f69da425a90a3d0c12c7e5273	31324	64821
1454321611171	9854e9e3170544308f6df7df51032613	52427	16705
1454329891171	b0d9c6b7120d4f78bdfd1d2ebfc95f48	82362	88495
1454325511171	c596bbe61d3b40c4a52d7375a1f8c203	96657	35975
1454303911171	72346f183ac44ca1a1873b97ac722b96	389	18676
1454335711171	976c91bca6394873bf17c9c788523585	44891	88768
1454329411171	6355cd862a15461db9f57ab03ee6ddee	52331	38892
1454306491171	b0dc725c308d4f209bfb92c4f5186795	9728	47465
1454330011171	6cee4b541d504f7db976c9c8ba7bda5a	62523	85366
1454325631171	92f78b79738948bea0d27178bbcc5f3a	41655	90166
1454315131171	92f78b79738948bea0d27178bbcc5f3a	78696	20429
1454307871171	fe5ff1a6daae47ba8bb35a444c8ea925	98493	75287
1454335291171	e577ab36b8a34acaa8f956daf47d017a	80996	72741
1454313391171	39877e73923944cd8f8c0d35b292aa25	21068	21428
1454329231171	99ece47a56e449939075208d9509d3db	79686	96876
1454326831171	478d4f829e6448478be29d1443953ae6	49605	53587
1454319331171	0e90ac292010437ab04b94ea6eaa029b	55204	14667
1454331691171	efde893d9c254e549f740d9613b3421c	84358	4911
1454315551171	dd1e232b04f349bf9cdc314c037b5edc	26137	40741
1454317231171	5f1054617e554b4495a5969ee2a7eba4	57076	76607
1454302231171	512aa21dd2d94df0b2e31152c6782a4c	7039	68020
1454308471171	5ccdb29fba084f95b1fdb43fae4169b1	85202	62807
1454307211171	b0dc725c308d4f209bfb92c4f5186795	82422	48465
1454323171171	dd382d2a20464a74bbb7414e429ae452	61191	43552
1454305531171	882d3a7e36964d628f64e46ef2d9599c	37147	40490
1454313211171	3a8dec60c76d4b999c71fb023ee0af4b	28796	4223
1454314231171	244b0793dde2467eb0e8171c7b59258d	62129	6827
1454318731171	54d1b25c9c0e4ad78de0cdeefec11617	7355	7701
1454315791171	bb2956150d6741df875fbcca76ae9e7c	23931	29240
1454306671171	6cee4b541d504f7db976c9c8ba7bda5a	82289	667
1454321671171	c2a24d73d77d4984a1d88ea3330aa4c5	57759	40174
1454307691171	4c8367adc030467ba09680d84d8c6298	17900	26691
1454321431171	512aa21dd2d94df0b2e31152c6782a4c	61924	81095
1454306431171	b5a5e9c510b148b187c3596b57dcbe42	25052	83868
1454335831171	5aef241d89ac4b6b87be5b711784d74a	9204	99412
1454304511171	e17d1609000449898b4195d89f814363	55893	74188
1454305591171	055c3098492a41eeb872ba07590494c3	74330	76003
1454320291171	0ca5d174fb344e83882de67eb956cc37	24364	56309
1454300431171	77e3c9e1811d4fb291d0d9bbd456bb4b	12101	2584
1454318671171	866f4bdee8af4484accb55158f6cb55b	8885	93202
1454314951171	87b7d3b3ccf544a2aaa75e02bbcbe551	97923	17077
1454312071171	9a16ac77fa234932b42ce4e2a3e41b99	57739	57496
1454327311171	b0dc725c308d4f209bfb92c4f5186795	88998	5876
1454317051171	079f75cc1c434c1592ba01ab58396e04	18471	96888
1454311891171	9d2aaa30c4b047e58148844e0b27c7d5	4354	11049
1454317831171	54d1b25c9c0e4ad78de0cdeefec11617	87303	79801
1454330071171	e091a173d2f3489ba8228dd5b404c612	82604	95074
1454330311171	e59c0bdb4c754c00ad02936820d2cff1	297	8064
1454328091171	0e90ac292010437ab04b94ea6eaa029b	97884	93192
1454325031171	6cee4b541d504f7db976c9c8ba7bda5a	7756	75337
1454322091171	92f78b79738948bea0d27178bbcc5f3a	35883	18142
1454318611171	e577ab36b8a34acaa8f956daf47d017a	54901	81356
1454306431171	882d3a7e36964d628f64e46ef2d9599c	62709	34942
1454321191171	7eb8169a154643d390db7aa4f2be7cd1	40295	34811
1454306191171	28db8326800548a295f79516e2e35f44	60088	52385
1454333311171	6cf03944226b41f2aa706afb35a5bd71	64649	39136
1454330371171	e6164ce7a908476a94502303328b26e8	19699	21301
1454312011171	ef7a6719a7e74aeebc85dc0f55f90d00	37764	70689
1454327491171	b0dc725c308d4f209bfb92c4f5186795	46375	7078
1454304691171	28db8326800548a295f79516e2e35f44	79362	12638
1454330851171	bad04a78f2f14b56993004abf93c2ca7	62265	25239
1454324851171	bf87a1fa23954635a70fb5fcbda2387e	35344	399
1454319751171	f92ecf8e076d44b89f2d070fb1df7197	67693	94951
1454324011171	94055312e11c464d8bb16f21e4d607c6	36508	24775
1454302891171	244b0793dde2467eb0e8171c7b59258d	74892	69647
1454313091171	4c8367adc030467ba09680d84d8c6298	51990	26997
1454317471171	e814adc4cee84d1d977d0ac6f1707521	77214	29696
1454328811171	dd1e232b04f349bf9cdc314c037b5edc	31475	95040
1454313751171	cc960979e133463faf32330c5c744cd8	87376	33287
1454301691171	c596bbe61d3b40c4a52d7375a1f8c203	45797	29704
1454323531171	8fb51f59ace345b0bc12cdec7da31f2f	30191	77547
1454317591171	f39cec387d314cc89497275f85f8d4bb	5476	13994
1454317831171	2e46d54b9a634c93ae2b0e9d35c44a03	34027	35019
1454308831171	d91952b877ff4f99b008798c32341022	97991	36250
1454305651171	9f66ca4da3034224a140c0fc6d7bc202	13813	27329
1454318251171	efde893d9c254e549f740d9613b3421c	24779	46055
1454334211171	b5a5e9c510b148b187c3596b57dcbe42	27168	74435
1454331571171	84da30d2697042ca9a6835f6ccec6024	95722	72764
1454307571171	f36d277140854ba5bf16ad85dec6d75e	78915	14271
1454328211171	d610a227186e41909c636a39ed6c2a66	901	60603
1454332711171	e577ab36b8a34acaa8f956daf47d017a	5076	70428
1454321971171	512aa21dd2d94df0b2e31152c6782a4c	62875	81730
1454330251171	146757b81a4c4b8f84681543f49dca64	54670	72957
1454317831171	6cf03944226b41f2aa706afb35a5bd71	55950	57319
1454333431171	ad7ba7c2bf164c309e3f5d28b18357ab	89164	3166
1454314951171	b0d9c6b7120d4f78bdfd1d2ebfc95f48	74789	7165
1454323591171	1cca6591b6aa4033a190154db54a8087	14635	76439
1454321071171	ef7a6719a7e74aeebc85dc0f55f90d00	64836	88015
1454333851171	af1862cf194a4e289a17c4650228378c	68715	93782
1454318251171	0ca5d174fb344e83882de67eb956cc37	5813	28450
1454300671171	055c3098492a41eeb872ba07590494c3	66158	45991
1454311051171	4c8367adc030467ba09680d84d8c6298	38594	71348
1454316811171	c2a24d73d77d4984a1d88ea3330aa4c5	6167	16237
1454304391171	81c7a51e294d492281a4df9fff624401	76695	2017
1454307931171	244b0793dde2467eb0e8171c7b59258d	24300	1415
1454322751171	2a8d03409a7f4542aa2ab03ef230dfdd	82116	30042
1454325871171	65b97c1a0b424fe59d17ef728445f188	74004	35726
1454326711171	6355cd862a15461db9f57ab03ee6ddee	21497	17805
1454309911171	2e46d54b9a634c93ae2b0e9d35c44a03	33145	87027
1454322631171	94055312e11c464d8bb16f21e4d607c6	3432	10850
1454326951171	244b0793dde2467eb0e8171c7b59258d	39847	6147
1454330371171	6f13e403b89d40b0b58dd7344f7e3e71	37575	53274
1454314651171	055c3098492a41eeb872ba07590494c3	35595	23396
1454311051171	0829a3b98d364df49dfecc40a2c4f65c	82346	36688
1454307991171	079f75cc1c434c1592ba01ab58396e04	87220	19415
1454300491171	89bd75e18d384ead895e06bd1fdd5f0b	7180	90041
1454331751171	2e46d54b9a634c93ae2b0e9d35c44a03	67412	45462
1454308111171	c2a24d73d77d4984a1d88ea3330aa4c5	1063	76645
1454304991171	478d4f829e6448478be29d1443953ae6	93919	26260
1454309071171	e814adc4cee84d1d977d0ac6f1707521	67126	19677
1454325151171	d91952b877ff4f99b008798c32341022	63722	47842
1454323471171	94055312e11c464d8bb16f21e4d607c6	49946	92421
1454306371171	0829a3b98d364df49dfecc40a2c4f65c	68365	44870
1454317171171	760bdb7f69da425a90a3d0c12c7e5273	91474	76345
1454310271171	659cef990a944285a2ff00837f8cb191	95553	94499
1454334031171	78b9683e8b2643f19f2cd87ef602ac0d	89344	41553
1454326531171	81e3763e213745c1b6d2e432d3f86d6f	89442	6261
1454329591171	78b9683e8b2643f19f2cd87ef602ac0d	79723	15582
1454320111171	e59c0bdb4c754c00ad02936820d2cff1	90350	49747
1454321071171	d610a227186e41909c636a39ed6c2a66	87863	48492
1454306371171	bb2956150d6741df875fbcca76ae9e7c	2724	7150
1454310271171	3de7d6514f1d4ac790c630fa63d8d0be	19566	2400
1454322511171	244b0793dde2467eb0e8171c7b59258d	17254	86190
1454305111171	f92ecf8e076d44b89f2d070fb1df7197	8890	2202
1454304451171	77a3f2988c254fd495418bfc2804fd71	86198	97497
1454307691171	72346f183ac44ca1a1873b97ac722b96	49063	51569
1454310271171	c596bbe61d3b40c4a52d7375a1f8c203	73148	46381
1454331331171	87b7d3b3ccf544a2aaa75e02bbcbe551	58533	67739
1454321191171	6355cd862a15461db9f57ab03ee6ddee	74557	15331
1454326591171	efde893d9c254e549f740d9613b3421c	81956	26980
1454326051171	8f085d4e2d7842208d9022bfc579504d	44933	22924
1454320951171	e091a173d2f3489ba8228dd5b404c612	90359	8563
1454301451171	d610a227186e41909c636a39ed6c2a66	96990	48533
1454316991171	b5a5e9c510b148b187c3596b57dcbe42	81041	82890
1454310271171	9d2aaa30c4b047e58148844e0b27c7d5	50998	28452
1454304151171	d368d95c643f4943ba1f5ea97b5a9a91	58378	34373
1454324731171	866f4bdee8af4484accb55158f6cb55b	12189	16378
1454327431171	d91952b877ff4f99b008798c32341022	48665	77527
1454314831171	e6164ce7a908476a94502303328b26e8	66595	89072
1454319331171	f36d277140854ba5bf16ad85dec6d75e	17147	31282
1454324371171	ef7a6719a7e74aeebc85dc0f55f90d00	48030	79772
1454323231171	4cfa0bf217fc442ebf810a6c6c972a42	95691	56637
1454335291171	f92ecf8e076d44b89f2d070fb1df7197	79810	83979
1454303131171	570472ebd8e04787a565dd4f7a793f10	22375	58013
1454309491171	78b9683e8b2643f19f2cd87ef602ac0d	95366	85222
1454316931171	e9bf0a29db06433aa5692e47d7734857	16145	69839
1454319811171	0210e2d072de49198b0ac16f2a2df02f	37221	46255
1454317831171	1cca6591b6aa4033a190154db54a8087	54475	28745
1454319331171	87b7d3b3ccf544a2aaa75e02bbcbe551	34138	71938
1454309851171	c2a24d73d77d4984a1d88ea3330aa4c5	72633	83102
1454316331171	3de7d6514f1d4ac790c630fa63d8d0be	67778	27766
1454306371171	0829a3b98d364df49dfecc40a2c4f65c	11234	26360
1454306911171	6cf03944226b41f2aa706afb35a5bd71	64830	83260
1454303491171	e577ab36b8a34acaa8f956daf47d017a	90479	22846
1454321071171	e6164ce7a908476a94502303328b26e8	75118	21468
1454333011171	866f4bdee8af4484accb55158f6cb55b	99274	66413
1454324491171	b865a4ddc56c46a582fce5405d8d18eb	1782	86332
1454302051171	b865a4ddc56c46a582fce5405d8d18eb	9376	87617
1454331991171	0ca5d174fb344e83882de67eb956cc37	51932	25466
1454320891171	3a8dec60c76d4b999c71fb023ee0af4b	61343	21291
1454308111171	512aa21dd2d94df0b2e31152c6782a4c	75911	54127
1454301211171	c2a24d73d77d4984a1d88ea3330aa4c5	1528	43033
1454323711171	02add2657e0c41dc81924c6e6ff66c97	6945	78956
1454309431171	81e3763e213745c1b6d2e432d3f86d6f	80125	83059
1454325571171	9f0c7099ba9342468b963794595a159a	26934	80701
1454301931171	f36d277140854ba5bf16ad85dec6d75e	75812	88473
1454327731171	b0d9c6b7120d4f78bdfd1d2ebfc95f48	45202	88650
1454328211171	537ec845bb4b405d9bf13975e4408b41	51905	96168
1454335471171	5f1054617e554b4495a5969ee2a7eba4	7174	35059
1454322871171	478d4f829e6448478be29d1443953ae6	53359	22196
1454302891171	ef7a6719a7e74aeebc85dc0f55f90d00	34052	50353
1454329831171	0ca5d174fb344e83882de67eb956cc37	28936	80333
1454313811171	882d3a7e36964d628f64e46ef2d9599c	20766	58778
1454312191171	4cfa0bf217fc442ebf810a6c6c972a42	12392	88028
1454306731171	3f2758a7b73945f98bf4c64f86c6d742	57482	99067
1454327611171	39877e73923944cd8f8c0d35b292aa25	269	85764
1454316691171	3a8dec60c76d4b999c71fb023ee0af4b	62144	7421
1454309191171	7eb8169a154643d390db7aa4f2be7cd1	38329	50115
1454309371171	e091a173d2f3489ba8228dd5b404c612	11001	28450
1454310031171	1cca6591b6aa4033a190154db54a8087	84430	41008
1454334511171	bb2956150d6741df875fbcca76ae9e7c	15698	99078
1454309071171	ef7a6719a7e74aeebc85dc0f55f90d00	28272	6236
1454308951171	9854e9e3170544308f6df7df51032613	68966	20256
1454331271171	efde893d9c254e549f740d9613b3421c	92678	44691
1454300971171	0210e2d072de49198b0ac16f2a2df02f	26071	44576
1454331451171	2a8d03409a7f4542aa2ab03ef230dfdd	3801	77050
1454322211171	6355cd862a15461db9f57ab03ee6ddee	81894	39344
1454333251171	6e535645436f4926be1ee6e823dfd9d2	51027	68656
1454318791171	77a3f2988c254fd495418bfc2804fd71	75510	99126
1454329711171	3de7d6514f1d4ac790c630fa63d8d0be	41249	27374
1454317951171	77a3f2988c254fd495418bfc2804fd71	79372	87406
1454327971171	4cfa0bf217fc442ebf810a6c6c972a42	57681	65609
1454333671171	84da30d2697042ca9a6835f6ccec6024	99441	82577
1454312551171	bb2956150d6741df875fbcca76ae9e7c	33460	42092
1454302831181	976c91bca6394873bf17c9c788523585	10638	12818
1454328331181	65b97c1a0b424fe59d17ef728445f188	91420	25184
1454312491181	512aa21dd2d94df0b2e31152c6782a4c	22286	49884
1454328331181	bf87a1fa23954635a70fb5fcbda2387e	99423	40134
1454317111181	d610a227186e41909c636a39ed6c2a66	40255	68215
1454311231181	c596bbe61d3b40c4a52d7375a1f8c203	93202	46073
1454319031181	6f13e403b89d40b0b58dd7344f7e3e71	84625	71843
1454319031181	5ccdb29fba084f95b1fdb43fae4169b1	97614	63919
1454335351181	b865a4ddc56c46a582fce5405d8d18eb	3604	27321
1454330911181	b0d9c6b7120d4f78bdfd1d2ebfc95f48	21709	89814
1454327371181	77a3f2988c254fd495418bfc2804fd71	85534	25615
1454303731181	570472ebd8e04787a565dd4f7a793f10	97485	39961
1454320591181	e091a173d2f3489ba8228dd5b404c612	83331	3890
1454310991181	7eb8169a154643d390db7aa4f2be7cd1	52619	98681
1454325031181	976c91bca6394873bf17c9c788523585	2106	35306
1454300731181	9a16ac77fa234932b42ce4e2a3e41b99	83497	35766
1454315491181	2e46d54b9a634c93ae2b0e9d35c44a03	24350	71419
1454334571181	570472ebd8e04787a565dd4f7a793f10	74825	63077
1454320531181	28db8326800548a295f79516e2e35f44	2730	69344
1454307511181	055c3098492a41eeb872ba07590494c3	7440	24761
1454304691181	6cf03944226b41f2aa706afb35a5bd71	79067	51952
1454329951181	3f2758a7b73945f98bf4c64f86c6d742	68163	79036
1454302411181	bf87a1fa23954635a70fb5fcbda2387e	41618	7547
1454331751181	92f78b79738948bea0d27178bbcc5f3a	31052	29972
1454327431181	94055312e11c464d8bb16f21e4d607c6	35311	98091
1454313091181	b0dc725c308d4f209bfb92c4f5186795	52053	77792
1454335831181	e091a173d2f3489ba8228dd5b404c612	91094	46597
1454300491181	b0d9c6b7120d4f78bdfd1d2ebfc95f48	67467	69210
1454315611181	d91952b877ff4f99b008798c32341022	91277	60135
1454306431181	dd1e232b04f349bf9cdc314c037b5edc	16956	55125
1454303251181	225424dd7dd44d12b4190d1549540bf3	75547	29449
1454318311181	99ece47a56e449939075208d9509d3db	12217	55806
1454323411181	9f0c7099ba9342468b963794595a159a	33451	42654
1454316211181	efde893d9c254e549f740d9613b3421c	88116	56957
1454329351181	570472ebd8e04787a565dd4f7a793f10	54438	25554
1454324251181	b865a4ddc56c46a582fce5405d8d18eb	7234	10674
1454315791181	0210e2d072de49198b0ac16f2a2df02f	98460	25739
1454334751181	d610a227186e41909c636a39ed6c2a66	71546	45466
1454333551181	78b9683e8b2643f19f2cd87ef602ac0d	60091	23849
1454326411181	efde893d9c254e549f740d9613b3421c	82996	28745
1454318131181	bad04a78f2f14b56993004abf93c2ca7	58166	2727
1454317291181	5aef241d89ac4b6b87be5b711784d74a	91787	23886
1454313391181	6355cd862a15461db9f57ab03ee6ddee	95839	58170
1454333431181	6e535645436f4926be1ee6e823dfd9d2	78523	46420
1454331331181	698d06878c7a45ccb5814020b716c424	23724	35119
1454320051181	244b0793dde2467eb0e8171c7b59258d	96866	49597
1454331211181	6cf03944226b41f2aa706afb35a5bd71	27605	95886
1454323171181	54d1b25c9c0e4ad78de0cdeefec11617	97282	43975
1454304571181	fe5ff1a6daae47ba8bb35a444c8ea925	45971	47227
1454309371181	0ca5d174fb344e83882de67eb956cc37	81821	95753
1454315431181	54d1b25c9c0e4ad78de0cdeefec11617	28899	75153
1454329231181	94055312e11c464d8bb16f21e4d607c6	53112	40564
1454305891181	3f2758a7b73945f98bf4c64f86c6d742	16993	6887
1454303911181	81c7a51e294d492281a4df9fff624401	29784	94515
1454316991181	e8741e9141cc4fe89d5419cccc2abe9e	54125	10573
1454330851181	079f75cc1c434c1592ba01ab58396e04	7911	57581
1454305531181	d91952b877ff4f99b008798c32341022	59336	3757
1454317111181	65b97c1a0b424fe59d17ef728445f188	31119	13024
1454321431181	e6164ce7a908476a94502303328b26e8	47671	27180
1454322871181	92f78b79738948bea0d27178bbcc5f3a	97053	95141
1454319271181	fe5ff1a6daae47ba8bb35a444c8ea925	64031	64296
1454316331181	dd1e232b04f349bf9cdc314c037b5edc	5087	75344
1454334931181	194f84abdc8641ab8ffac41c93b63ead	16199	64249
1454318551181	d5bf0f8fba964270adac0971bdad38a0	98662	75727
1454300131181	81e3763e213745c1b6d2e432d3f86d6f	25816	25969
1454309671181	81e3763e213745c1b6d2e432d3f86d6f	91748	50408
1454326291181	079f75cc1c434c1592ba01ab58396e04	62463	58206
1454335771181	c2a24d73d77d4984a1d88ea3330aa4c5	43023	94429
1454316151181	bb2956150d6741df875fbcca76ae9e7c	9386	27685
1454327251181	0e90ac292010437ab04b94ea6eaa029b	15004	13832
1454332891181	5aef241d89ac4b6b87be5b711784d74a	71942	49606
1454323951181	e9bf0a29db06433aa5692e47d7734857	34308	65985
1454327011181	146757b81a4c4b8f84681543f49dca64	51335	88380
1454310631181	3f2758a7b73945f98bf4c64f86c6d742	75361	98293
1454315371181	81c7a51e294d492281a4df9fff624401	23232	61499
1454326351181	99ece47a56e449939075208d9509d3db	24593	814
1454311111181	6e535645436f4926be1ee6e823dfd9d2	60870	52466
1454312071181	efde893d9c254e549f740d9613b3421c	96914	90959
1454310691181	055c3098492a41eeb872ba07590494c3	67888	96361
1454302651181	055c3098492a41eeb872ba07590494c3	76196	11254
1454306311181	efde893d9c254e549f740d9613b3421c	80249	46689
1454307931181	3f2758a7b73945f98bf4c64f86c6d742	32714	58395
1454317771181	94055312e11c464d8bb16f21e4d607c6	47228	45752
1454323771181	84da30d2697042ca9a6835f6ccec6024	88456	71085
1454317351181	bb2956150d6741df875fbcca76ae9e7c	7959	56356
1454321791181	9a16ac77fa234932b42ce4e2a3e41b99	72837	97369
1454325571181	0ca5d174fb344e83882de67eb956cc37	49928	25621
1454319631181	94055312e11c464d8bb16f21e4d607c6	66826	85828
1454309671181	cc960979e133463faf32330c5c744cd8	25778	21781
1454321851181	81c7a51e294d492281a4df9fff624401	55874	11789
1454328871181	3a8dec60c76d4b999c71fb023ee0af4b	15993	87689
1454307991181	f39cec387d314cc89497275f85f8d4bb	54103	73326
1454325031181	99ece47a56e449939075208d9509d3db	50657	88366
1454306251181	6e535645436f4926be1ee6e823dfd9d2	82523	28986
1454313091181	81e3763e213745c1b6d2e432d3f86d6f	1938	92478
1454324311181	0ca5d174fb344e83882de67eb956cc37	10780	21214
1454328811181	3f2758a7b73945f98bf4c64f86c6d742	16406	18411
1454307571181	bf87a1fa23954635a70fb5fcbda2387e	93997	13729
1454304271181	6cf03944226b41f2aa706afb35a5bd71	72825	92864
1454313331181	ad7ba7c2bf164c309e3f5d28b18357ab	86051	60709
1454311891181	7eb8169a154643d390db7aa4f2be7cd1	13352	23525
1454335891181	3f2758a7b73945f98bf4c64f86c6d742	19253	45734
1454300311181	6cee4b541d504f7db976c9c8ba7bda5a	4850	27833
1454320711181	7b51df0d274846e6b88fd1fc27fa9bd6	93819	48823
1454332771181	28db8326800548a295f79516e2e35f44	29001	18519
1454313331181	9854e9e3170544308f6df7df51032613	11920	48266
1454326771181	d610a227186e41909c636a39ed6c2a66	62561	61203
1454328151181	3a8dec60c76d4b999c71fb023ee0af4b	9744	9414
1454319871181	f36d277140854ba5bf16ad85dec6d75e	83600	64764
1454314831181	77a3f2988c254fd495418bfc2804fd71	59258	42736
1454323951181	f39cec387d314cc89497275f85f8d4bb	39756	84794
1454313991181	f39cec387d314cc89497275f85f8d4bb	96462	12293
1454329831181	e091a173d2f3489ba8228dd5b404c612	36016	40046
1454334511181	194f84abdc8641ab8ffac41c93b63ead	91247	7771
1454329411181	146757b81a4c4b8f84681543f49dca64	35350	77078
1454327611181	b0dc725c308d4f209bfb92c4f5186795	11073	17221
1454310811181	02add2657e0c41dc81924c6e6ff66c97	70493	52296
1454308111181	9f0c7099ba9342468b963794595a159a	42891	55694
1454307991181	0210e2d072de49198b0ac16f2a2df02f	46052	84307
1454310511181	5aef241d89ac4b6b87be5b711784d74a	63958	7610
1454308351181	659cef990a944285a2ff00837f8cb191	75885	37667
1454333491181	e577ab36b8a34acaa8f956daf47d017a	94381	83210
1454313451181	882d3a7e36964d628f64e46ef2d9599c	7195	18588
1454325931181	055c3098492a41eeb872ba07590494c3	92155	95158
1454310391181	39877e73923944cd8f8c0d35b292aa25	4307	51228
1454302171181	537ec845bb4b405d9bf13975e4408b41	367	22130
1454312131181	b0dc725c308d4f209bfb92c4f5186795	70782	16314
1454309131181	d5bf0f8fba964270adac0971bdad38a0	19802	60171
1454316451181	d5bf0f8fba964270adac0971bdad38a0	33733	87275
1454327311181	194f84abdc8641ab8ffac41c93b63ead	87406	44713
1454300611181	9854e9e3170544308f6df7df51032613	55571	27865
1454311831181	760bdb7f69da425a90a3d0c12c7e5273	30849	5357
1454334751181	e59c0bdb4c754c00ad02936820d2cff1	37494	8300
1454316331181	efde893d9c254e549f740d9613b3421c	78312	31537
1454305891181	28db8326800548a295f79516e2e35f44	25854	54595
1454313871181	9f66ca4da3034224a140c0fc6d7bc202	51996	95052
1454324311181	512aa21dd2d94df0b2e31152c6782a4c	32700	45081
1454304691181	225424dd7dd44d12b4190d1549540bf3	73079	65613
1454322931181	e59c0bdb4c754c00ad02936820d2cff1	18980	31394
1454317171181	9d2aaa30c4b047e58148844e0b27c7d5	94647	77501
1454334571181	659cef990a944285a2ff00837f8cb191	5195	23341
1454325931181	9f66ca4da3034224a140c0fc6d7bc202	61818	64096
1454309671181	b0f2c54eff0b47aaa7a3cd515363b026	36456	78081
1454331271181	bad04a78f2f14b56993004abf93c2ca7	77440	95153
1454325751181	ad7ba7c2bf164c309e3f5d28b18357ab	50038	88577
1454301811181	c2a24d73d77d4984a1d88ea3330aa4c5	2796	24202
1454311531181	b0d9c6b7120d4f78bdfd1d2ebfc95f48	31568	6890
1454331211181	bf87a1fa23954635a70fb5fcbda2387e	23714	33116
1454318371181	af1862cf194a4e289a17c4650228378c	54388	22546
1454334091181	efde893d9c254e549f740d9613b3421c	64618	16401
1454328031181	28db8326800548a295f79516e2e35f44	44512	40456
1454315011181	99ece47a56e449939075208d9509d3db	60843	19854
1454316751181	cc7cd2af89014526a05fc1c0f60a33d0	7352	17656
1454309851181	537ec845bb4b405d9bf13975e4408b41	96784	77876
1454330371181	882d3a7e36964d628f64e46ef2d9599c	63581	14662
1454331151181	ab2b8a0f358e4107bd5d7f42e951cbd0	39366	92220
1454312731181	0210e2d072de49198b0ac16f2a2df02f	30678	28239
1454310271181	976c91bca6394873bf17c9c788523585	29211	83065
1454308951181	af1862cf194a4e289a17c4650228378c	5227	78925
1454328211181	9d2aaa30c4b047e58148844e0b27c7d5	29984	9655
1454301451181	84da30d2697042ca9a6835f6ccec6024	60452	70289
1454326171181	9854e9e3170544308f6df7df51032613	94216	98655
1454321731181	079f75cc1c434c1592ba01ab58396e04	78638	77417
1454312431181	3a8dec60c76d4b999c71fb023ee0af4b	50630	71474
1454319391181	cc7cd2af89014526a05fc1c0f60a33d0	68309	99641
1454308051181	84da30d2697042ca9a6835f6ccec6024	46066	59916
1454314471181	ab2b8a0f358e4107bd5d7f42e951cbd0	40555	69379
1454323111181	882d3a7e36964d628f64e46ef2d9599c	10916	18624
1454300671181	cc7cd2af89014526a05fc1c0f60a33d0	39455	31073
1454300551181	5aef241d89ac4b6b87be5b711784d74a	76951	84863
1454335711181	c2a24d73d77d4984a1d88ea3330aa4c5	80486	89959
1454327551181	94055312e11c464d8bb16f21e4d607c6	69895	60915
1454334151181	079f75cc1c434c1592ba01ab58396e04	21462	19172
1454321431181	9f66ca4da3034224a140c0fc6d7bc202	33715	54013
1454313271181	3a8dec60c76d4b999c71fb023ee0af4b	81989	89919
1454334451181	146757b81a4c4b8f84681543f49dca64	77755	34717
1454303131181	537ec845bb4b405d9bf13975e4408b41	55790	72571
1454306311181	c2a24d73d77d4984a1d88ea3330aa4c5	90498	97704
1454322631181	f39cec387d314cc89497275f85f8d4bb	25643	60981
1454311051181	e814adc4cee84d1d977d0ac6f1707521	97708	95953
1454316571181	3a8dec60c76d4b999c71fb023ee0af4b	29595	15170
1454306491181	1cca6591b6aa4033a190154db54a8087	37921	93250
1454330551181	d5bf0f8fba964270adac0971bdad38a0	4861	63476
1454303971181	87b7d3b3ccf544a2aaa75e02bbcbe551	69576	42369
1454311051181	72346f183ac44ca1a1873b97ac722b96	97811	3988
1454332531181	54d1b25c9c0e4ad78de0cdeefec11617	73196	55758
1454316811181	f0cc7fbdadda48ebb6b274d062648cfd	78336	35686
1454300131181	9d2aaa30c4b047e58148844e0b27c7d5	78298	91617
1454313391181	882d3a7e36964d628f64e46ef2d9599c	27850	81098
1454300851181	d5bf0f8fba964270adac0971bdad38a0	89857	48430
1454304031181	1cca6591b6aa4033a190154db54a8087	72088	57846
1454322091181	4c8367adc030467ba09680d84d8c6298	7440	56610
1454311591181	e091a173d2f3489ba8228dd5b404c612	54963	54527
1454301691181	976c91bca6394873bf17c9c788523585	13434	9092
1454309431181	bb2956150d6741df875fbcca76ae9e7c	45801	64975
1454327131181	e59c0bdb4c754c00ad02936820d2cff1	58837	50039
1454330131181	af1862cf194a4e289a17c4650228378c	89605	82093
1454308651181	3f2758a7b73945f98bf4c64f86c6d742	17942	3988
1454319511181	b5a5e9c510b148b187c3596b57dcbe42	80120	32122
1454312311181	698d06878c7a45ccb5814020b716c424	13110	66738
1454328631181	ab2b8a0f358e4107bd5d7f42e951cbd0	81491	45840
1454315911181	6cee4b541d504f7db976c9c8ba7bda5a	16976	34816
1454326591181	ef7a6719a7e74aeebc85dc0f55f90d00	4938	24643
1454318431181	7b51df0d274846e6b88fd1fc27fa9bd6	88608	19495
1454335891181	af1862cf194a4e289a17c4650228378c	79506	90721
1454302771181	512aa21dd2d94df0b2e31152c6782a4c	69636	37418
1454329171181	1cca6591b6aa4033a190154db54a8087	1762	40531
1454302711181	cc7cd2af89014526a05fc1c0f60a33d0	75070	51526
1454325391181	478d4f829e6448478be29d1443953ae6	41525	1051
1454330191181	7eb8169a154643d390db7aa4f2be7cd1	69616	63188
1454300851181	8f085d4e2d7842208d9022bfc579504d	94855	30198
1454318911181	fe5ff1a6daae47ba8bb35a444c8ea925	1791	92100
1454325991181	e577ab36b8a34acaa8f956daf47d017a	56883	24537
1454334271181	b0dc725c308d4f209bfb92c4f5186795	68656	2050
1454324131181	d5bf0f8fba964270adac0971bdad38a0	14843	82678
1454323771181	bb2956150d6741df875fbcca76ae9e7c	16238	3987
1454333851181	659cef990a944285a2ff00837f8cb191	73599	24630
1454327491181	1cca6591b6aa4033a190154db54a8087	57121	23286
1454314531181	e17d1609000449898b4195d89f814363	17123	83453
1454335531181	976c91bca6394873bf17c9c788523585	92983	49284
1454303671181	6cf03944226b41f2aa706afb35a5bd71	73294	49322
1454316091181	d610a227186e41909c636a39ed6c2a66	65790	33009
1454330551181	b0d9c6b7120d4f78bdfd1d2ebfc95f48	7621	11190
1454332531181	512aa21dd2d94df0b2e31152c6782a4c	94503	76715
1454318611181	b865a4ddc56c46a582fce5405d8d18eb	38420	86130
1454312971181	b5a5e9c510b148b187c3596b57dcbe42	66021	72056
1454319391181	d91952b877ff4f99b008798c32341022	67332	83915
1454322871181	b0dc725c308d4f209bfb92c4f5186795	74443	67930
1454320471181	b0f2c54eff0b47aaa7a3cd515363b026	69509	67783
1454319511181	225424dd7dd44d12b4190d1549540bf3	92433	5579
1454315611181	3a8dec60c76d4b999c71fb023ee0af4b	22886	69415
1454311411181	cc960979e133463faf32330c5c744cd8	4976	71395
1454312191181	f92ecf8e076d44b89f2d070fb1df7197	35127	74789
1454309791181	ab2b8a0f358e4107bd5d7f42e951cbd0	58048	91983
1454301811181	0ca5d174fb344e83882de67eb956cc37	25293	4661
1454333071181	77e3c9e1811d4fb291d0d9bbd456bb4b	77024	3225
1454321491181	87b7d3b3ccf544a2aaa75e02bbcbe551	33918	2853
1454320291181	760bdb7f69da425a90a3d0c12c7e5273	7726	18629
1454321671181	6cee4b541d504f7db976c9c8ba7bda5a	46080	35582
1454306791181	9f66ca4da3034224a140c0fc6d7bc202	45866	97935
1454305651181	81e3763e213745c1b6d2e432d3f86d6f	68110	56098
1454300971181	6e535645436f4926be1ee6e823dfd9d2	25431	37551
1454301331181	92f78b79738948bea0d27178bbcc5f3a	9250	63822
1454334211181	e9bf0a29db06433aa5692e47d7734857	81882	17718
1454312611181	9f0c7099ba9342468b963794595a159a	9435	37527
1454324851181	882d3a7e36964d628f64e46ef2d9599c	13816	79504
1454319811181	0ca5d174fb344e83882de67eb956cc37	28345	31598
1454321731181	478d4f829e6448478be29d1443953ae6	20668	45059
1454315071181	ab2b8a0f358e4107bd5d7f42e951cbd0	49595	4894
1454319871181	9f0c7099ba9342468b963794595a159a	36174	35852
1454326351181	e8741e9141cc4fe89d5419cccc2abe9e	56039	80682
1454325991181	dd1e232b04f349bf9cdc314c037b5edc	14108	21670
1454325391181	2e46d54b9a634c93ae2b0e9d35c44a03	61826	47410
1454324851181	e59c0bdb4c754c00ad02936820d2cff1	82964	81283
1454335651181	976c91bca6394873bf17c9c788523585	91955	36428
1454335891181	4c8367adc030467ba09680d84d8c6298	38567	4178
1454305651181	8f085d4e2d7842208d9022bfc579504d	34564	16524
1454307631181	6e535645436f4926be1ee6e823dfd9d2	92904	66810
1454332951181	976c91bca6394873bf17c9c788523585	32544	60094
1454331751181	c596bbe61d3b40c4a52d7375a1f8c203	16203	72187
1454314891181	94055312e11c464d8bb16f21e4d607c6	33014	8040
1454322451181	2a8d03409a7f4542aa2ab03ef230dfdd	18182	46897
1454311891181	0ca5d174fb344e83882de67eb956cc37	83252	33291
1454316391181	9854e9e3170544308f6df7df51032613	32914	2834
1454323291181	28db8326800548a295f79516e2e35f44	42380	31009
1454323591181	4c8367adc030467ba09680d84d8c6298	83594	32140
1454331511181	3de7d6514f1d4ac790c630fa63d8d0be	87570	8669
1454317171181	7eb8169a154643d390db7aa4f2be7cd1	32522	87434
1454312071181	e6164ce7a908476a94502303328b26e8	1083	42096
1454306791181	b0dc725c308d4f209bfb92c4f5186795	43953	206
1454310631181	6cee4b541d504f7db976c9c8ba7bda5a	75262	26848
1454322031181	84da30d2697042ca9a6835f6ccec6024	61567	44245
1454313931181	c596bbe61d3b40c4a52d7375a1f8c203	59799	22704
1454320951181	bad04a78f2f14b56993004abf93c2ca7	27607	54872
1454331751181	ad7ba7c2bf164c309e3f5d28b18357ab	53247	32124
1454325691181	4cfa0bf217fc442ebf810a6c6c972a42	91805	17735
1454314831181	976c91bca6394873bf17c9c788523585	10804	59611
1454325211181	e59c0bdb4c754c00ad02936820d2cff1	12249	36653
1454304211181	dd382d2a20464a74bbb7414e429ae452	70647	75965
1454300731181	92f78b79738948bea0d27178bbcc5f3a	76242	3601
1454303251181	d610a227186e41909c636a39ed6c2a66	83528	44461
1454323891181	0ca5d174fb344e83882de67eb956cc37	29972	16657
1454301871181	b0f2c54eff0b47aaa7a3cd515363b026	54156	48046
1454335891181	89bd75e18d384ead895e06bd1fdd5f0b	17034	49990
1454308411181	f36d277140854ba5bf16ad85dec6d75e	61799	23615
1454326591181	9854e9e3170544308f6df7df51032613	22275	4516
1454306431181	87b7d3b3ccf544a2aaa75e02bbcbe551	85154	16601
1454309311181	cc960979e133463faf32330c5c744cd8	71856	99640
1454306371181	f36d277140854ba5bf16ad85dec6d75e	56741	77549
1454302051181	02add2657e0c41dc81924c6e6ff66c97	164	91050
1454316931181	e8741e9141cc4fe89d5419cccc2abe9e	64093	26984
1454320711181	e9bf0a29db06433aa5692e47d7734857	17010	50747
1454318611181	9a16ac77fa234932b42ce4e2a3e41b99	16279	86768
1454322691181	bf87a1fa23954635a70fb5fcbda2387e	22802	2085
1454317531181	2e46d54b9a634c93ae2b0e9d35c44a03	31394	63781
1454307271181	99ece47a56e449939075208d9509d3db	90397	88384
1454320651181	b865a4ddc56c46a582fce5405d8d18eb	97969	50531
1454335231181	b0f2c54eff0b47aaa7a3cd515363b026	8043	51064
1454306671181	0829a3b98d364df49dfecc40a2c4f65c	72438	18141
1454322631181	9d2aaa30c4b047e58148844e0b27c7d5	52444	75289
1454327851181	d368d95c643f4943ba1f5ea97b5a9a91	97128	59073
1454317051181	9a16ac77fa234932b42ce4e2a3e41b99	77291	69094
1454307871181	537ec845bb4b405d9bf13975e4408b41	83133	21943
1454329351181	e59c0bdb4c754c00ad02936820d2cff1	35612	30267
1454331991191	3de7d6514f1d4ac790c630fa63d8d0be	7600	12963
1454307031191	81e3763e213745c1b6d2e432d3f86d6f	42671	85264
1454308171191	079f75cc1c434c1592ba01ab58396e04	63580	52449
1454325991191	4cfa0bf217fc442ebf810a6c6c972a42	54825	35510
1454308531191	8f085d4e2d7842208d9022bfc579504d	72862	77414
1454335891191	84da30d2697042ca9a6835f6ccec6024	97138	94073
1454311891191	f92ecf8e076d44b89f2d070fb1df7197	25430	74371
1454313031191	81e3763e213745c1b6d2e432d3f86d6f	46001	17790
1454304571191	9a16ac77fa234932b42ce4e2a3e41b99	79334	96290
1454309971191	9854e9e3170544308f6df7df51032613	39090	75556
1454330431191	2e46d54b9a634c93ae2b0e9d35c44a03	5937	97545
1454300911191	e6164ce7a908476a94502303328b26e8	83328	46373
1454312311191	b0d9c6b7120d4f78bdfd1d2ebfc95f48	67517	87924
1454318011191	bb2956150d6741df875fbcca76ae9e7c	33930	48659
1454331211191	244b0793dde2467eb0e8171c7b59258d	32465	62748
1454315551191	f36d277140854ba5bf16ad85dec6d75e	58497	54557
1454330791191	760bdb7f69da425a90a3d0c12c7e5273	78551	27668
1454307691191	c2a24d73d77d4984a1d88ea3330aa4c5	55160	14345
1454300191191	e091a173d2f3489ba8228dd5b404c612	88634	71880
1454314231191	89bd75e18d384ead895e06bd1fdd5f0b	52739	16697
1454324491191	92f78b79738948bea0d27178bbcc5f3a	53641	15710
1454327911191	b0d9c6b7120d4f78bdfd1d2ebfc95f48	43608	88776
1454320951191	e59c0bdb4c754c00ad02936820d2cff1	49458	82294
1454303131191	d91952b877ff4f99b008798c32341022	79504	31308
1454315371191	b5a5e9c510b148b187c3596b57dcbe42	5511	51116
1454327371191	e814adc4cee84d1d977d0ac6f1707521	40262	16083
1454312311191	28db8326800548a295f79516e2e35f44	82235	28978
1454302351191	c596bbe61d3b40c4a52d7375a1f8c203	64822	2183
1454327551191	cc7cd2af89014526a05fc1c0f60a33d0	92230	47416
1454320291191	77e3c9e1811d4fb291d0d9bbd456bb4b	7743	31820
1454315911191	c2a24d73d77d4984a1d88ea3330aa4c5	51324	30534
1454314831191	3a8dec60c76d4b999c71fb023ee0af4b	68641	69694
1454325811191	d610a227186e41909c636a39ed6c2a66	23578	79582
1454319751191	537ec845bb4b405d9bf13975e4408b41	97439	39254
1454313631191	dd382d2a20464a74bbb7414e429ae452	99961	84476
1454334751191	194f84abdc8641ab8ffac41c93b63ead	94366	84516
1454334691191	8f085d4e2d7842208d9022bfc579504d	1048	84791
1454317951191	92f78b79738948bea0d27178bbcc5f3a	92131	68019
1454300551191	d368d95c643f4943ba1f5ea97b5a9a91	7317	38943
1454329831191	fe5ff1a6daae47ba8bb35a444c8ea925	42425	61161
1454313331191	e8741e9141cc4fe89d5419cccc2abe9e	77940	25406
1454329291191	e8741e9141cc4fe89d5419cccc2abe9e	21064	29798
1454311231191	65b97c1a0b424fe59d17ef728445f188	64726	95065
1454303551191	77e3c9e1811d4fb291d0d9bbd456bb4b	47838	30946
1454310631191	77e3c9e1811d4fb291d0d9bbd456bb4b	55427	7310
1454310091191	81c7a51e294d492281a4df9fff624401	66282	15089
1454320651191	e814adc4cee84d1d977d0ac6f1707521	85920	60118
1454317171191	6e535645436f4926be1ee6e823dfd9d2	56059	75456
1454300251191	537ec845bb4b405d9bf13975e4408b41	73689	12641
1454333671191	fe5ff1a6daae47ba8bb35a444c8ea925	84549	78742
1454331691191	cc7cd2af89014526a05fc1c0f60a33d0	58424	12926
1454312191191	bb2956150d6741df875fbcca76ae9e7c	5659	29014
1454310871191	cb8f1c2e1e5f4678b7aee562243803f5	84747	44178
1454310811191	882d3a7e36964d628f64e46ef2d9599c	7381	72473
1454309251191	b0f2c54eff0b47aaa7a3cd515363b026	18561	3229
1454328931191	6e535645436f4926be1ee6e823dfd9d2	92588	47894
1454314171191	866f4bdee8af4484accb55158f6cb55b	13581	11163
1454325931191	89bd75e18d384ead895e06bd1fdd5f0b	79673	19516
1454318611191	6f13e403b89d40b0b58dd7344f7e3e71	13505	79486
1454307751191	77a3f2988c254fd495418bfc2804fd71	22617	85396
1454312071191	6cf03944226b41f2aa706afb35a5bd71	15860	20790
1454315611191	b5a5e9c510b148b187c3596b57dcbe42	30571	67937
1454334271191	0e90ac292010437ab04b94ea6eaa029b	3580	90411
1454319211191	d610a227186e41909c636a39ed6c2a66	79215	34369
1454309251191	6e535645436f4926be1ee6e823dfd9d2	80692	25599
1454315911191	b5a5e9c510b148b187c3596b57dcbe42	24200	1098
1454310631191	e091a173d2f3489ba8228dd5b404c612	17623	74542
1454314351191	4c8367adc030467ba09680d84d8c6298	30139	48944
1454334151191	9f0c7099ba9342468b963794595a159a	81378	43503
1454301211191	e9bf0a29db06433aa5692e47d7734857	58414	40219
1454310571191	dd1e232b04f349bf9cdc314c037b5edc	65237	63314
1454330551191	bad04a78f2f14b56993004abf93c2ca7	56265	79699
1454318431191	72346f183ac44ca1a1873b97ac722b96	58738	6049
1454330671191	4cfa0bf217fc442ebf810a6c6c972a42	57591	88278
1454311411191	ef7a6719a7e74aeebc85dc0f55f90d00	13404	86465
1454304931191	6355cd862a15461db9f57ab03ee6ddee	94821	99741
1454308231191	6cee4b541d504f7db976c9c8ba7bda5a	38425	99120
1454326891191	77a3f2988c254fd495418bfc2804fd71	78306	79453
1454308831191	8f085d4e2d7842208d9022bfc579504d	74992	10598